[debug] [2025-06-06T21:50:11.983Z] ----------------------------------------------------------------------
[debug] [2025-06-06T21:50:11.998Z] Command:       C:\Program Files\nodejs\node.exe C:\Users\tilah\AppData\Roaming\npm\node_modules\firebase-tools\lib\bin\firebase.js emulators:start
[debug] [2025-06-06T21:50:11.999Z] CLI Version:   14.5.1
[debug] [2025-06-06T21:50:11.999Z] Platform:      win32
[debug] [2025-06-06T21:50:11.999Z] Node Version:  v22.14.0
[debug] [2025-06-06T21:50:12.000Z] Time:          Fri Jun 06 2025 17:50:11 GMT-0400 (Eastern Daylight Time)
[debug] [2025-06-06T21:50:12.000Z] ----------------------------------------------------------------------
[debug] 
[debug] [2025-06-06T21:50:12.002Z] >>> [apiv2][query] GET https://firebase-public.firebaseio.com/cli.json [none]
[debug] [2025-06-06T21:50:12.284Z] > command requires scopes: ["email","openid","https://www.googleapis.com/auth/cloudplatformprojects.readonly","https://www.googleapis.com/auth/firebase","https://www.googleapis.com/auth/cloud-platform"]
[debug] [2025-06-06T21:50:12.284Z] > authorizing via signed-in user (tilahunemihreta@gmail.com)
[info] i  emulators: Starting emulators: functions, extensions {"metadata":{"emulator":{"name":"hub"},"message":"Starting emulators: functions, extensions"}}
[debug] [2025-06-06T21:50:12.289Z] Checked if tokens are valid: false, expires at: 1749084016351
[debug] [2025-06-06T21:50:12.289Z] Checked if tokens are valid: false, expires at: 1749084016351
[debug] [2025-06-06T21:50:12.289Z] > refreshing access token with scopes: []
[debug] [2025-06-06T21:50:12.290Z] >>> [apiv2][query] POST https://www.googleapis.com/oauth2/v3/token [none]
[debug] [2025-06-06T21:50:12.290Z] >>> [apiv2][body] POST https://www.googleapis.com/oauth2/v3/token [omitted]
[debug] [2025-06-06T21:50:12.418Z] <<< [apiv2][status] GET https://firebase-public.firebaseio.com/cli.json 200
[debug] [2025-06-06T21:50:12.418Z] <<< [apiv2][body] GET https://firebase-public.firebaseio.com/cli.json {"cloudBuildErrorAfter":1594252800000,"cloudBuildWarnAfter":1590019200000,"defaultNode10After":1594252800000,"minVersion":"3.0.5","node8DeploysDisabledAfter":1613390400000,"node8RuntimeDisabledAfter":1615809600000,"node8WarnAfter":1600128000000}
[debug] [2025-06-06T21:50:12.431Z] <<< [apiv2][status] POST https://www.googleapis.com/oauth2/v3/token 200
[debug] [2025-06-06T21:50:12.432Z] <<< [apiv2][body] POST https://www.googleapis.com/oauth2/v3/token [omitted]
[debug] [2025-06-06T21:50:12.443Z] >>> [apiv2][query] GET https://serviceusage.googleapis.com/v1/projects/clone-5d2cf/services/cloudresourcemanager.googleapis.com [none]
[debug] [2025-06-06T21:50:12.444Z] >>> [apiv2][(partial)header] GET https://serviceusage.googleapis.com/v1/projects/clone-5d2cf/services/cloudresourcemanager.googleapis.com x-goog-quota-user=projects/clone-5d2cf
[debug] [2025-06-06T21:50:12.846Z] <<< [apiv2][status] GET https://serviceusage.googleapis.com/v1/projects/clone-5d2cf/services/cloudresourcemanager.googleapis.com 200
[debug] [2025-06-06T21:50:12.846Z] <<< [apiv2][body] GET https://serviceusage.googleapis.com/v1/projects/clone-5d2cf/services/cloudresourcemanager.googleapis.com [omitted]
[debug] [2025-06-06T21:50:12.846Z] Checked if tokens are valid: true, expires at: 1749250211432
[debug] [2025-06-06T21:50:12.846Z] Checked if tokens are valid: true, expires at: 1749250211432
[debug] [2025-06-06T21:50:12.846Z] >>> [apiv2][query] GET https://cloudresourcemanager.googleapis.com/v1/projects/clone-5d2cf [none]
[debug] [2025-06-06T21:50:13.075Z] <<< [apiv2][status] GET https://cloudresourcemanager.googleapis.com/v1/projects/clone-5d2cf 200
[debug] [2025-06-06T21:50:13.075Z] <<< [apiv2][body] GET https://cloudresourcemanager.googleapis.com/v1/projects/clone-5d2cf {"projectNumber":"129625560424","projectId":"clone-5d2cf","lifecycleState":"ACTIVE","name":"Amazon-Clone","labels":{"firebase":"enabled","firebase-core":"disabled"},"createTime":"2025-05-29T23:44:37.511912Z"}
[debug] [2025-06-06T21:50:13.088Z] [logging] Logging Emulator only supports listening on one address (127.0.0.1). Not listening on ::1
[debug] [2025-06-06T21:50:13.088Z] assigned listening specs for emulators {"user":{"hub":[{"address":"127.0.0.1","family":"IPv4","port":4400},{"address":"::1","family":"IPv6","port":4400}],"ui":[{"address":"127.0.0.1","family":"IPv4","port":4000},{"address":"::1","family":"IPv6","port":4000}],"logging":[{"address":"127.0.0.1","family":"IPv4","port":4500}]},"metadata":{"message":"assigned listening specs for emulators"}}
[debug] [2025-06-06T21:50:13.094Z] [hub] writing locator at C:\Users\tilah\AppData\Local\Temp\hub-clone-5d2cf.json
[debug] [2025-06-06T21:50:13.104Z] [Extensions] Started Extensions emulator, this is a noop.
[debug] [2025-06-06T21:50:13.109Z] [functions] Functions Emulator only supports listening on one address (127.0.0.1). Not listening on ::1
[debug] [2025-06-06T21:50:13.109Z] [eventarc] Eventarc Emulator only supports listening on one address (127.0.0.1). Not listening on ::1
[debug] [2025-06-06T21:50:13.109Z] [tasks] Cloud Tasks Emulator only supports listening on one address (127.0.0.1). Not listening on ::1
[debug] [2025-06-06T21:50:13.110Z] late-assigned ports for functions and eventarc emulators {"user":{"hub":[{"address":"127.0.0.1","family":"IPv4","port":4400},{"address":"::1","family":"IPv6","port":4400}],"ui":[{"address":"127.0.0.1","family":"IPv4","port":4000},{"address":"::1","family":"IPv6","port":4000}],"logging":[{"address":"127.0.0.1","family":"IPv4","port":4500}],"functions":[{"address":"127.0.0.1","family":"IPv4","port":5001}],"eventarc":[{"address":"127.0.0.1","family":"IPv4","port":9299}],"tasks":[{"address":"127.0.0.1","family":"IPv4","port":9499}]},"metadata":{"message":"late-assigned ports for functions and eventarc emulators"}}
[warn] !  functions: The following emulators are not running, calls to these services from the Functions emulator will affect production: apphosting, auth, firestore, database, hosting, pubsub, storage, dataconnect {"metadata":{"emulator":{"name":"functions"},"message":"The following emulators are not running, calls to these services from the Functions emulator will affect production: \u001b[1mapphosting, auth, firestore, database, hosting, pubsub, storage, dataconnect\u001b[22m"}}
[debug] [2025-06-06T21:50:13.139Z] defaultcredentials: writing to file C:\Users\tilah\AppData\Roaming\firebase\tilahunemihreta_gmail_com_application_default_credentials.json
[debug] [2025-06-06T21:50:13.142Z] Setting GAC to C:\Users\tilah\AppData\Roaming\firebase\tilahunemihreta_gmail_com_application_default_credentials.json {"metadata":{"emulator":{"name":"functions"},"message":"Setting GAC to C:\\Users\\tilah\\AppData\\Roaming\\firebase\\tilahunemihreta_gmail_com_application_default_credentials.json"}}
[debug] [2025-06-06T21:50:13.142Z] Checked if tokens are valid: true, expires at: 1749250211432
[debug] [2025-06-06T21:50:13.142Z] Checked if tokens are valid: true, expires at: 1749250211432
[debug] [2025-06-06T21:50:13.143Z] >>> [apiv2][query] GET https://firebase.googleapis.com/v1beta1/projects/clone-5d2cf/adminSdkConfig [none]
[debug] [2025-06-06T21:50:13.509Z] <<< [apiv2][status] GET https://firebase.googleapis.com/v1beta1/projects/clone-5d2cf/adminSdkConfig 200
[debug] [2025-06-06T21:50:13.509Z] <<< [apiv2][body] GET https://firebase.googleapis.com/v1beta1/projects/clone-5d2cf/adminSdkConfig {"projectId":"clone-5d2cf","storageBucket":"clone-5d2cf.firebasestorage.app"}
[debug] [2025-06-06T21:50:13.541Z] [Extensions] Connecting Extensions emulator, this is a noop.
[info] i  functions: Watching "C:\Users\tilah\onedrive\desktop\evangadi\Phase-4-website projects\AmazonFrontEnd-2025\amazon-clone\functions" for Cloud Functions... {"metadata":{"emulator":{"name":"functions"},"message":"Watching \"C:\\Users\\tilah\\onedrive\\desktop\\evangadi\\Phase-4-website projects\\AmazonFrontEnd-2025\\amazon-clone\\functions\" for Cloud Functions..."}}
[debug] [2025-06-06T21:50:13.553Z] Validating nodejs source
[debug] [2025-06-06T21:50:15.301Z] > [functions] package.json contents: {
  "name": "functions",
  "description": "Cloud Functions for Firebase",
  "scripts": {
    "serve": "firebase emulators:start --only functions",
    "shell": "firebase functions:shell",
    "start": "npm run shell",
    "deploy": "firebase deploy --only functions",
    "logs": "firebase functions:log"
  },
  "engines": {
    "node": "22"
  },
  "main": "index.js",
  "dependencies": {
    "axios": "^1.9.0",
    "cors": "^2.8.5",
    "dotenv": "^16.5.0",
    "express": "^5.1.0",
    "firebase-admin": "^12.6.0",
    "firebase-functions": "^6.0.1",
    "stripe": "^18.2.1"
  },
  "devDependencies": {
    "firebase-functions-test": "^3.1.0"
  },
  "private": true
}
[debug] [2025-06-06T21:50:15.301Z] Building nodejs source
[debug] [2025-06-06T21:50:15.301Z] Failed to find version of module node: reached end of search path C:\Users\tilah\onedrive\desktop\evangadi\Phase-4-website projects\AmazonFrontEnd-2025\amazon-clone\functions\node_modules
[info] +  functions: Using node@22 from host. 
[info] i  functions: Loaded environment variables from .env. 
[debug] [2025-06-06T21:50:15.306Z] Could not find functions.yaml. Must use http discovery
[debug] [2025-06-06T21:50:15.319Z] Found firebase-functions binary at 'C:\Users\tilah\onedrive\desktop\evangadi\Phase-4-website projects\AmazonFrontEnd-2025\amazon-clone\functions\node_modules\.bin\firebase-functions'
[info] Serving at port 8235

[debug] [2025-06-06T21:50:16.810Z] Got response from /__/functions.yaml {"endpoints":{"api":{"availableMemoryMb":null,"timeoutSeconds":null,"minInstances":null,"maxInstances":null,"ingressSettings":null,"concurrency":null,"serviceAccountEmail":null,"vpc":null,"platform":"gcfv2","labels":{},"httpsTrigger":{},"entryPoint":"api"}},"specVersion":"v1alpha1","requiredAPIs":[],"extensions":{}}
[debug] [2025-06-06T21:50:20.847Z] defaultcredentials: writing to file C:\Users\tilah\AppData\Roaming\firebase\tilahunemihreta_gmail_com_application_default_credentials.json
[debug] [2025-06-06T21:50:20.849Z] Setting GAC to C:\Users\tilah\AppData\Roaming\firebase\tilahunemihreta_gmail_com_application_default_credentials.json {"metadata":{"emulator":{"name":"functions"},"message":"Setting GAC to C:\\Users\\tilah\\AppData\\Roaming\\firebase\\tilahunemihreta_gmail_com_application_default_credentials.json"}}
[info] +  functions: Loaded functions definitions from source: api. {"metadata":{"emulator":{"name":"functions"},"message":"Loaded functions definitions from source: api."}}
[info] +  functions[us-central1-api]: http function initialized (http://127.0.0.1:5001/clone-5d2cf/us-central1/api). {"metadata":{"emulator":{"name":"functions"},"message":"\u001b[1mhttp\u001b[22m function initialized (http://127.0.0.1:5001/clone-5d2cf/us-central1/api)."}}
[debug] [2025-06-06T21:50:20.858Z] Could not find VSCode notification endpoint: FetchError: request to http://localhost:40001/vscode/notify failed, reason: . If you are not running the Firebase Data Connect VSCode extension, this is expected and not an issue.
[info] 
â”Œâ”€â”€â”€â”€â”€â”€â”€â”€â”€â”€â”€â”€â”€â”€â”€â”€â”€â”€â”€â”€â”€â”€â”€â”€â”€â”€â”€â”€â”€â”€â”€â”€â”€â”€â”€â”€â”€â”€â”€â”€â”€â”€â”€â”€â”€â”€â”€â”€â”€â”€â”€â”€â”€â”€â”€â”€â”€â”€â”€â”€â”€â”
â”‚ âœ”  All emulators ready! It is now safe to connect your app. â”‚
â”‚ i  View Emulator UI at http://127.0.0.1:4000/               â”‚
â””â”€â”€â”€â”€â”€â”€â”€â”€â”€â”€â”€â”€â”€â”€â”€â”€â”€â”€â”€â”€â”€â”€â”€â”€â”€â”€â”€â”€â”€â”€â”€â”€â”€â”€â”€â”€â”€â”€â”€â”€â”€â”€â”€â”€â”€â”€â”€â”€â”€â”€â”€â”€â”€â”€â”€â”€â”€â”€â”€â”€â”€â”˜

â”Œâ”€â”€â”€â”€â”€â”€â”€â”€â”€â”€â”€â”€â”¬â”€â”€â”€â”€â”€â”€â”€â”€â”€â”€â”€â”€â”€â”€â”€â”€â”¬â”€â”€â”€â”€â”€â”€â”€â”€â”€â”€â”€â”€â”€â”€â”€â”€â”€â”€â”€â”€â”€â”€â”€â”€â”€â”€â”€â”€â”€â”€â”€â”€â”€â”€â”
â”‚ Emulator   â”‚ Host:Port      â”‚ View in Emulator UI              â”‚
â”œâ”€â”€â”€â”€â”€â”€â”€â”€â”€â”€â”€â”€â”¼â”€â”€â”€â”€â”€â”€â”€â”€â”€â”€â”€â”€â”€â”€â”€â”€â”¼â”€â”€â”€â”€â”€â”€â”€â”€â”€â”€â”€â”€â”€â”€â”€â”€â”€â”€â”€â”€â”€â”€â”€â”€â”€â”€â”€â”€â”€â”€â”€â”€â”€â”€â”¤
â”‚ Functions  â”‚ 127.0.0.1:5001 â”‚ http://127.0.0.1:4000/functions  â”‚
â”œâ”€â”€â”€â”€â”€â”€â”€â”€â”€â”€â”€â”€â”¼â”€â”€â”€â”€â”€â”€â”€â”€â”€â”€â”€â”€â”€â”€â”€â”€â”¼â”€â”€â”€â”€â”€â”€â”€â”€â”€â”€â”€â”€â”€â”€â”€â”€â”€â”€â”€â”€â”€â”€â”€â”€â”€â”€â”€â”€â”€â”€â”€â”€â”€â”€â”¤
â”‚ Extensions â”‚ 127.0.0.1:5001 â”‚ http://127.0.0.1:4000/extensions â”‚
â””â”€â”€â”€â”€â”€â”€â”€â”€â”€â”€â”€â”€â”´â”€â”€â”€â”€â”€â”€â”€â”€â”€â”€â”€â”€â”€â”€â”€â”€â”´â”€â”€â”€â”€â”€â”€â”€â”€â”€â”€â”€â”€â”€â”€â”€â”€â”€â”€â”€â”€â”€â”€â”€â”€â”€â”€â”€â”€â”€â”€â”€â”€â”€â”€â”˜
  Emulator Hub host: 127.0.0.1 port: 4400
  Other reserved ports: 4500
â”Œâ”€â”€â”€â”€â”€â”€â”€â”€â”€â”€â”€â”€â”€â”€â”€â”€â”€â”€â”€â”€â”€â”€â”€â”€â”€â”¬â”€â”€â”€â”€â”€â”€â”€â”€â”€â”€â”€â”€â”€â”€â”€â”¬â”€â”€â”€â”€â”€â”€â”€â”€â”€â”€â”€â”€â”€â”€â”€â”€â”€â”€â”€â”€â”€â”
â”‚ Extension Instance Name â”‚ Extension Ref â”‚ View in Emulator UI â”‚
â””â”€â”€â”€â”€â”€â”€â”€â”€â”€â”€â”€â”€â”€â”€â”€â”€â”€â”€â”€â”€â”€â”€â”€â”€â”€â”´â”€â”€â”€â”€â”€â”€â”€â”€â”€â”€â”€â”€â”€â”€â”€â”´â”€â”€â”€â”€â”€â”€â”€â”€â”€â”€â”€â”€â”€â”€â”€â”€â”€â”€â”€â”€â”€â”˜
Issues? Report them at https://github.com/firebase/firebase-tools/issues and attach the *-debug.log files.
 
[debug] [2025-06-06T21:50:26.694Z] [work-queue] {"queuedWork":["/clone-5d2cf/us-central1/api/payments/create-2025-06-06T21:50:26.694Z"],"queueLength":1,"runningWork":[],"workRunningCount":0}
[debug] [2025-06-06T21:50:26.694Z] [work-queue] {"queuedWork":[],"queueLength":0,"runningWork":["/clone-5d2cf/us-central1/api/payments/create-2025-06-06T21:50:26.694Z"],"workRunningCount":1}
[debug] [2025-06-06T21:50:26.695Z] Accepted request POST /clone-5d2cf/us-central1/api/payments/create?total=69500 --> us-central1-api
[debug] [2025-06-06T21:50:26.697Z] [functions] Runtime ready! Sending request! {"metadata":{"emulator":{"name":"functions"},"message":"[functions] Runtime ready! Sending request!"}}
[debug] [2025-06-06T21:50:26.698Z] [functions] Got req.url=/clone-5d2cf/us-central1/api/payments/create?total=69500, mapping to path=/payments/create?total=69500 {"metadata":{"emulator":{"name":"functions"},"message":"[functions] Got req.url=/clone-5d2cf/us-central1/api/payments/create?total=69500, mapping to path=/payments/create?total=69500"}}
[info] i  functions: Loaded environment variables from .env. 
[debug] [2025-06-06T21:50:26.716Z] [worker-pool] addWorker(us-central1-api) {"metadata":{"emulator":{"name":"functions"},"message":"[worker-pool] addWorker(us-central1-api)"}}
[debug] [2025-06-06T21:50:26.717Z] [worker-pool] Adding worker with key us-central1-api, total=1 {"metadata":{"emulator":{"name":"functions"},"message":"[worker-pool] Adding worker with key us-central1-api, total=1"}}
[debug] [2025-06-06T21:50:28.310Z] [runtime-status] [14808] Resolved module firebase-admin {"declared":true,"installed":true,"version":"12.7.0","resolution":"C:\\Users\\tilah\\onedrive\\desktop\\evangadi\\Phase-4-website projects\\AmazonFrontEnd-2025\\amazon-clone\\functions\\node_modules\\firebase-admin\\lib\\index.js"} {"metadata":{"emulator":{"name":"functions"},"function":{"name":"us-central1-api"},"extension":{},"message":"[runtime-status] [14808] Resolved module firebase-admin {\"declared\":true,\"installed\":true,\"version\":\"12.7.0\",\"resolution\":\"C:\\\\Users\\\\tilah\\\\onedrive\\\\desktop\\\\evangadi\\\\Phase-4-website projects\\\\AmazonFrontEnd-2025\\\\amazon-clone\\\\functions\\\\node_modules\\\\firebase-admin\\\\lib\\\\index.js\"}"}}
[debug] [2025-06-06T21:50:28.311Z] [runtime-status] [14808] Resolved module firebase-functions {"declared":true,"installed":true,"version":"6.3.2","resolution":"C:\\Users\\tilah\\onedrive\\desktop\\evangadi\\Phase-4-website projects\\AmazonFrontEnd-2025\\amazon-clone\\functions\\node_modules\\firebase-functions\\lib\\v2\\index.js"} {"metadata":{"emulator":{"name":"functions"},"function":{"name":"us-central1-api"},"extension":{},"message":"[runtime-status] [14808] Resolved module firebase-functions {\"declared\":true,\"installed\":true,\"version\":\"6.3.2\",\"resolution\":\"C:\\\\Users\\\\tilah\\\\onedrive\\\\desktop\\\\evangadi\\\\Phase-4-website projects\\\\AmazonFrontEnd-2025\\\\amazon-clone\\\\functions\\\\node_modules\\\\firebase-functions\\\\lib\\\\v2\\\\index.js\"}"}}
[debug] [2025-06-06T21:50:28.311Z] [runtime-status] [14808] Outgoing network have been stubbed. [{"name":"http","status":"mocked"},{"name":"http","status":"mocked"},{"name":"https","status":"mocked"},{"name":"https","status":"mocked"},{"name":"net","status":"mocked"}] {"metadata":{"emulator":{"name":"functions"},"function":{"name":"us-central1-api"},"extension":{},"message":"[runtime-status] [14808] Outgoing network have been stubbed. [{\"name\":\"http\",\"status\":\"mocked\"},{\"name\":\"http\",\"status\":\"mocked\"},{\"name\":\"https\",\"status\":\"mocked\"},{\"name\":\"https\",\"status\":\"mocked\"},{\"name\":\"net\",\"status\":\"mocked\"}]"}}
[debug] [2025-06-06T21:50:28.312Z] [runtime-status] [14808] Resolved module firebase-functions {"declared":true,"installed":true,"version":"6.3.2","resolution":"C:\\Users\\tilah\\onedrive\\desktop\\evangadi\\Phase-4-website projects\\AmazonFrontEnd-2025\\amazon-clone\\functions\\node_modules\\firebase-functions\\lib\\v2\\index.js"} {"metadata":{"emulator":{"name":"functions"},"function":{"name":"us-central1-api"},"extension":{},"message":"[runtime-status] [14808] Resolved module firebase-functions {\"declared\":true,\"installed\":true,\"version\":\"6.3.2\",\"resolution\":\"C:\\\\Users\\\\tilah\\\\onedrive\\\\desktop\\\\evangadi\\\\Phase-4-website projects\\\\AmazonFrontEnd-2025\\\\amazon-clone\\\\functions\\\\node_modules\\\\firebase-functions\\\\lib\\\\v2\\\\index.js\"}"}}
[debug] [2025-06-06T21:50:29.045Z] [runtime-status] [14808] Checked functions.config() {"config":{}} {"metadata":{"emulator":{"name":"functions"},"function":{"name":"us-central1-api"},"extension":{},"message":"[runtime-status] [14808] Checked functions.config() {\"config\":{}}"}}
[debug] [2025-06-06T21:50:29.046Z] [runtime-status] [14808] firebase-functions has been stubbed. {"functionsResolution":{"declared":true,"installed":true,"version":"6.3.2","resolution":"C:\\Users\\tilah\\onedrive\\desktop\\evangadi\\Phase-4-website projects\\AmazonFrontEnd-2025\\amazon-clone\\functions\\node_modules\\firebase-functions\\lib\\v2\\index.js"}} {"metadata":{"emulator":{"name":"functions"},"function":{"name":"us-central1-api"},"extension":{},"message":"[runtime-status] [14808] firebase-functions has been stubbed. {\"functionsResolution\":{\"declared\":true,\"installed\":true,\"version\":\"6.3.2\",\"resolution\":\"C:\\\\Users\\\\tilah\\\\onedrive\\\\desktop\\\\evangadi\\\\Phase-4-website projects\\\\AmazonFrontEnd-2025\\\\amazon-clone\\\\functions\\\\node_modules\\\\firebase-functions\\\\lib\\\\v2\\\\index.js\"}}"}}
[debug] [2025-06-06T21:50:29.048Z] [runtime-status] [14808] Resolved module firebase-functions {"declared":true,"installed":true,"version":"6.3.2","resolution":"C:\\Users\\tilah\\onedrive\\desktop\\evangadi\\Phase-4-website projects\\AmazonFrontEnd-2025\\amazon-clone\\functions\\node_modules\\firebase-functions\\lib\\v2\\index.js"} {"metadata":{"emulator":{"name":"functions"},"function":{"name":"us-central1-api"},"extension":{},"message":"[runtime-status] [14808] Resolved module firebase-functions {\"declared\":true,\"installed\":true,\"version\":\"6.3.2\",\"resolution\":\"C:\\\\Users\\\\tilah\\\\onedrive\\\\desktop\\\\evangadi\\\\Phase-4-website projects\\\\AmazonFrontEnd-2025\\\\amazon-clone\\\\functions\\\\node_modules\\\\firebase-functions\\\\lib\\\\v2\\\\index.js\"}"}}
[debug] [2025-06-06T21:50:29.059Z] [runtime-status] [14808] Resolved module firebase-admin {"declared":true,"installed":true,"version":"12.7.0","resolution":"C:\\Users\\tilah\\onedrive\\desktop\\evangadi\\Phase-4-website projects\\AmazonFrontEnd-2025\\amazon-clone\\functions\\node_modules\\firebase-admin\\lib\\index.js"} {"metadata":{"emulator":{"name":"functions"},"function":{"name":"us-central1-api"},"extension":{},"message":"[runtime-status] [14808] Resolved module firebase-admin {\"declared\":true,\"installed\":true,\"version\":\"12.7.0\",\"resolution\":\"C:\\\\Users\\\\tilah\\\\onedrive\\\\desktop\\\\evangadi\\\\Phase-4-website projects\\\\AmazonFrontEnd-2025\\\\amazon-clone\\\\functions\\\\node_modules\\\\firebase-admin\\\\lib\\\\index.js\"}"}}
[debug] [2025-06-06T21:50:29.066Z] [runtime-status] [14808] Resolved module firebase-functions {"declared":true,"installed":true,"version":"6.3.2","resolution":"C:\\Users\\tilah\\onedrive\\desktop\\evangadi\\Phase-4-website projects\\AmazonFrontEnd-2025\\amazon-clone\\functions\\node_modules\\firebase-functions\\lib\\v2\\index.js"} {"metadata":{"emulator":{"name":"functions"},"function":{"name":"us-central1-api"},"extension":{},"message":"[runtime-status] [14808] Resolved module firebase-functions {\"declared\":true,\"installed\":true,\"version\":\"6.3.2\",\"resolution\":\"C:\\\\Users\\\\tilah\\\\onedrive\\\\desktop\\\\evangadi\\\\Phase-4-website projects\\\\AmazonFrontEnd-2025\\\\amazon-clone\\\\functions\\\\node_modules\\\\firebase-functions\\\\lib\\\\v2\\\\index.js\"}"}}
[debug] [2025-06-06T21:50:29.066Z] [runtime-status] [14808] firebase-admin has been stubbed. {"adminResolution":{"declared":true,"installed":true,"version":"12.7.0","resolution":"C:\\Users\\tilah\\onedrive\\desktop\\evangadi\\Phase-4-website projects\\AmazonFrontEnd-2025\\amazon-clone\\functions\\node_modules\\firebase-admin\\lib\\index.js"}} {"metadata":{"emulator":{"name":"functions"},"function":{"name":"us-central1-api"},"extension":{},"message":"[runtime-status] [14808] firebase-admin has been stubbed. {\"adminResolution\":{\"declared\":true,\"installed\":true,\"version\":\"12.7.0\",\"resolution\":\"C:\\\\Users\\\\tilah\\\\onedrive\\\\desktop\\\\evangadi\\\\Phase-4-website projects\\\\AmazonFrontEnd-2025\\\\amazon-clone\\\\functions\\\\node_modules\\\\firebase-admin\\\\lib\\\\index.js\"}}"}}
[debug] [2025-06-06T21:50:29.396Z] [runtime-status] [14808] Functions runtime initialized. {"cwd":"C:\\Users\\tilah\\onedrive\\desktop\\evangadi\\Phase-4-website projects\\AmazonFrontEnd-2025\\amazon-clone\\functions","node_version":"22.14.0"} {"metadata":{"emulator":{"name":"functions"},"function":{"name":"us-central1-api"},"extension":{},"message":"[runtime-status] [14808] Functions runtime initialized. {\"cwd\":\"C:\\\\Users\\\\tilah\\\\onedrive\\\\desktop\\\\evangadi\\\\Phase-4-website projects\\\\AmazonFrontEnd-2025\\\\amazon-clone\\\\functions\",\"node_version\":\"22.14.0\"}"}}
[debug] [2025-06-06T21:50:29.396Z] [runtime-status] [14808] Listening to port: \\?\pipe\fire_emu_4e9676f0f746da40 {"metadata":{"emulator":{"name":"functions"},"function":{"name":"us-central1-api"},"extension":{},"message":"[runtime-status] [14808] Listening to port: \\\\?\\pipe\\fire_emu_4e9676f0f746da40"}}
[debug] [2025-06-06T21:50:29.479Z] [worker-us-central1-api-b9e5f51b-1fcb-42d4-843d-a10c3e6bdbcb]: IDLE {"metadata":{"emulator":{"name":"functions"},"function":{"name":"us-central1-api"},"extension":{},"message":"[worker-us-central1-api-b9e5f51b-1fcb-42d4-843d-a10c3e6bdbcb]: IDLE"}}
[debug] [2025-06-06T21:50:29.479Z] [worker-pool] submitRequest(triggerId=us-central1-api) {"metadata":{"emulator":{"name":"functions"},"message":"[worker-pool] submitRequest(triggerId=us-central1-api)"}}
[info] i  functions: Beginning execution of "us-central1-api" {"metadata":{"emulator":{"name":"functions"},"function":{"name":"us-central1-api"},"extension":{},"message":"Beginning execution of \"us-central1-api\""}}
[debug] [2025-06-06T21:50:29.481Z] [worker-us-central1-api-b9e5f51b-1fcb-42d4-843d-a10c3e6bdbcb]: BUSY {"metadata":{"emulator":{"name":"functions"},"function":{"name":"us-central1-api"},"extension":{},"message":"[worker-us-central1-api-b9e5f51b-1fcb-42d4-843d-a10c3e6bdbcb]: BUSY"}}
[info] >  {"severity":"INFO","message":"ðŸ’° Payment request received for amount >>> $undefined"} {"user":{"severity":"INFO","message":"ðŸ’° Payment request received for amount >>> $undefined"},"metadata":{"emulator":{"name":"functions"},"function":{"name":"us-central1-api"},"extension":{},"message":"\u001b[90m> \u001b[39m {\"severity\":\"INFO\",\"message\":\"ðŸ’° Payment request received for amount >>> $undefined\"}"}}
[info] >  {"severity":"ERROR","message":"Stripe error: StripeInvalidRequestError: Missing required param: amount.\n    at generateV1Error (C:\\Users\\tilah\\onedrive\\desktop\\evangadi\\Phase-4-website projects\\AmazonFrontEnd-2025\\amazon-clone\\functions\\node_modules\\stripe\\cjs\\Error.js:11:20)\n    at res.toJSON.then.Error_js_1.StripeAPIError.message (C:\\Users\\tilah\\onedrive\\desktop\\evangadi\\Phase-4-website projects\\AmazonFrontEnd-2025\\amazon-clone\\functions\\node_modules\\stripe\\cjs\\RequestSender.js:108:62)\n    at process.processTicksAndRejections (node:internal/process/task_queues:105:5) {\n  type: 'StripeInvalidRequestError',\n  raw: {\n    code: 'parameter_missing',\n    doc_url: 'https://stripe.com/docs/error-codes/parameter-missing',\n    message: 'Missing required param: amount.',\n    param: 'amount',\n    request_log_url: 'https://dashboard.stripe.com/test/logs/req_fd5FWhR3CHgO9N?t=1749246629',\n    type: 'invalid_request_error',\n    headers: {\n      server: 'nginx',\n      date: 'Fri, 06 Jun 2025 21:50:29 GMT',\n      'content-type': 'application/json',\n      'content-length': '332',\n      connection: 'keep-alive',\n      'access-control-allow-credentials': 'true',\n      'access-control-allow-methods': 'GET, HEAD, PUT, PATCH, POST, DELETE',\n      'access-control-allow-origin': '*',\n      'access-control-expose-headers': 'Request-Id, Stripe-Manage-Version, Stripe-Should-Retry, X-Stripe-External-Auth-Required, X-Stripe-Privileged-Session-Required',\n      'access-control-max-age': '300',\n      'cache-control': 'no-cache, no-store',\n      'content-security-policy': \"base-uri 'none'; default-src 'none'; form-action 'none'; frame-ancestors 'none'; img-src 'self'; script-src 'self' 'report-sample'; style-src 'self'; worker-src 'none'; upgrade-insecure-requests; report-uri https://q.stripe.com/csp-violation?q=Y-UbAMJsLNErehcLAninS7RMgNZtW1aWRsjoOENpCYu76sZV26nprXt-P8BtN16LvQ0RR2_0ZrXDDS72\",\n      'idempotency-key': 'stripe-node-retry-0a5a93ba-f80e-4016-b066-c5809330bd42',\n      'original-request': 'req_fd5FWhR3CHgO9N',\n      'request-id': 'req_fd5FWhR3CHgO9N',\n      'stripe-version': '2025-05-28.basil',\n      vary: 'Origin',\n      'x-stripe-priority-routing-enabled': 'true',\n      'x-stripe-routing-context-priority-tier': 'api-testmode',\n      'x-wc': 'ABGHI',\n      'strict-transport-security': 'max-age=63072000; includeSubDomains; preload'\n    },\n    statusCode: 400,\n    requestId: 'req_fd5FWhR3CHgO9N'\n  },\n  rawType: 'invalid_request_error',\n  code: 'parameter_missing',\n  doc_url: 'https://stripe.com/docs/error-codes/parameter-missing',\n  param: 'amount',\n  detail: undefined,\n  headers: {\n    server: 'nginx',\n    date: 'Fri, 06 Jun 2025 21:50:29 GMT',\n    'content-type': 'application/json',\n    'content-length': '332',\n    connection: 'keep-alive',\n    'access-control-allow-credentials': 'true',\n    'access-control-allow-methods': 'GET, HEAD, PUT, PATCH, POST, DELETE',\n    'access-control-allow-origin': '*',\n    'access-control-expose-headers': 'Request-Id, Stripe-Manage-Version, Stripe-Should-Retry, X-Stripe-External-Auth-Required, X-Stripe-Privileged-Session-Required',\n    'access-control-max-age': '300',\n    'cache-control': 'no-cache, no-store',\n    'content-security-policy': \"base-uri 'none'; default-src 'none'; form-action 'none'; frame-ancestors 'none'; img-src 'self'; script-src 'self' 'report-sample'; style-src 'self'; worker-src 'none'; upgrade-insecure-requests; report-uri https://q.stripe.com/csp-violation?q=Y-UbAMJsLNErehcLAninS7RMgNZtW1aWRsjoOENpCYu76sZV26nprXt-P8BtN16LvQ0RR2_0ZrXDDS72\",\n    'idempotency-key': 'stripe-node-retry-0a5a93ba-f80e-4016-b066-c5809330bd42',\n    'original-request': 'req_fd5FWhR3CHgO9N',\n    'request-id': 'req_fd5FWhR3CHgO9N',\n    'stripe-version': '2025-05-28.basil',\n    vary: 'Origin',\n    'x-stripe-priority-routing-enabled': 'true',\n    'x-stripe-routing-context-priority-tier': 'api-testmode',\n    'x-wc': 'ABGHI',\n    'strict-transport-security': 'max-age=63072000; includeSubDomains; preload'\n  },\n  requestId: 'req_fd5FWhR3CHgO9N',\n  statusCode: 400,\n  userMessage: undefined,\n  charge: undefined,\n  decline_code: undefined,\n  payment_intent: undefined,\n  payment_method: undefined,\n  payment_method_type: undefined,\n  setup_intent: undefined,\n  source: undefined\n}"} {"user":{"severity":"ERROR","message":"Stripe error: StripeInvalidRequestError: Missing required param: amount.\n    at generateV1Error (C:\\Users\\tilah\\onedrive\\desktop\\evangadi\\Phase-4-website projects\\AmazonFrontEnd-2025\\amazon-clone\\functions\\node_modules\\stripe\\cjs\\Error.js:11:20)\n    at res.toJSON.then.Error_js_1.StripeAPIError.message (C:\\Users\\tilah\\onedrive\\desktop\\evangadi\\Phase-4-website projects\\AmazonFrontEnd-2025\\amazon-clone\\functions\\node_modules\\stripe\\cjs\\RequestSender.js:108:62)\n    at process.processTicksAndRejections (node:internal/process/task_queues:105:5) {\n  type: 'StripeInvalidRequestError',\n  raw: {\n    code: 'parameter_missing',\n    doc_url: 'https://stripe.com/docs/error-codes/parameter-missing',\n    message: 'Missing required param: amount.',\n    param: 'amount',\n    request_log_url: 'https://dashboard.stripe.com/test/logs/req_fd5FWhR3CHgO9N?t=1749246629',\n    type: 'invalid_request_error',\n    headers: {\n      server: 'nginx',\n      date: 'Fri, 06 Jun 2025 21:50:29 GMT',\n      'content-type': 'application/json',\n      'content-length': '332',\n      connection: 'keep-alive',\n      'access-control-allow-credentials': 'true',\n      'access-control-allow-methods': 'GET, HEAD, PUT, PATCH, POST, DELETE',\n      'access-control-allow-origin': '*',\n      'access-control-expose-headers': 'Request-Id, Stripe-Manage-Version, Stripe-Should-Retry, X-Stripe-External-Auth-Required, X-Stripe-Privileged-Session-Required',\n      'access-control-max-age': '300',\n      'cache-control': 'no-cache, no-store',\n      'content-security-policy': \"base-uri 'none'; default-src 'none'; form-action 'none'; frame-ancestors 'none'; img-src 'self'; script-src 'self' 'report-sample'; style-src 'self'; worker-src 'none'; upgrade-insecure-requests; report-uri https://q.stripe.com/csp-violation?q=Y-UbAMJsLNErehcLAninS7RMgNZtW1aWRsjoOENpCYu76sZV26nprXt-P8BtN16LvQ0RR2_0ZrXDDS72\",\n      'idempotency-key': 'stripe-node-retry-0a5a93ba-f80e-4016-b066-c5809330bd42',\n      'original-request': 'req_fd5FWhR3CHgO9N',\n      'request-id': 'req_fd5FWhR3CHgO9N',\n      'stripe-version': '2025-05-28.basil',\n      vary: 'Origin',\n      'x-stripe-priority-routing-enabled': 'true',\n      'x-stripe-routing-context-priority-tier': 'api-testmode',\n      'x-wc': 'ABGHI',\n      'strict-transport-security': 'max-age=63072000; includeSubDomains; preload'\n    },\n    statusCode: 400,\n    requestId: 'req_fd5FWhR3CHgO9N'\n  },\n  rawType: 'invalid_request_error',\n  code: 'parameter_missing',\n  doc_url: 'https://stripe.com/docs/error-codes/parameter-missing',\n  param: 'amount',\n  detail: undefined,\n  headers: {\n    server: 'nginx',\n    date: 'Fri, 06 Jun 2025 21:50:29 GMT',\n    'content-type': 'application/json',\n    'content-length': '332',\n    connection: 'keep-alive',\n    'access-control-allow-credentials': 'true',\n    'access-control-allow-methods': 'GET, HEAD, PUT, PATCH, POST, DELETE',\n    'access-control-allow-origin': '*',\n    'access-control-expose-headers': 'Request-Id, Stripe-Manage-Version, Stripe-Should-Retry, X-Stripe-External-Auth-Required, X-Stripe-Privileged-Session-Required',\n    'access-control-max-age': '300',\n    'cache-control': 'no-cache, no-store',\n    'content-security-policy': \"base-uri 'none'; default-src 'none'; form-action 'none'; frame-ancestors 'none'; img-src 'self'; script-src 'self' 'report-sample'; style-src 'self'; worker-src 'none'; upgrade-insecure-requests; report-uri https://q.stripe.com/csp-violation?q=Y-UbAMJsLNErehcLAninS7RMgNZtW1aWRsjoOENpCYu76sZV26nprXt-P8BtN16LvQ0RR2_0ZrXDDS72\",\n    'idempotency-key': 'stripe-node-retry-0a5a93ba-f80e-4016-b066-c5809330bd42',\n    'original-request': 'req_fd5FWhR3CHgO9N',\n    'request-id': 'req_fd5FWhR3CHgO9N',\n    'stripe-version': '2025-05-28.basil',\n    vary: 'Origin',\n    'x-stripe-priority-routing-enabled': 'true',\n    'x-stripe-routing-context-priority-tier': 'api-testmode',\n    'x-wc': 'ABGHI',\n    'strict-transport-security': 'max-age=63072000; includeSubDomains; preload'\n  },\n  requestId: 'req_fd5FWhR3CHgO9N',\n  statusCode: 400,\n  userMessage: undefined,\n  charge: undefined,\n  decline_code: undefined,\n  payment_intent: undefined,\n  payment_method: undefined,\n  payment_method_type: undefined,\n  setup_intent: undefined,\n  source: undefined\n}"},"metadata":{"emulator":{"name":"functions"},"function":{"name":"us-central1-api"},"extension":{},"message":"\u001b[90m> \u001b[39m {\"severity\":\"ERROR\",\"message\":\"Stripe error: StripeInvalidRequestError: Missing required param: amount.\\n    at generateV1Error (C:\\\\Users\\\\tilah\\\\onedrive\\\\desktop\\\\evangadi\\\\Phase-4-website projects\\\\AmazonFrontEnd-2025\\\\amazon-clone\\\\functions\\\\node_modules\\\\stripe\\\\cjs\\\\Error.js:11:20)\\n    at res.toJSON.then.Error_js_1.StripeAPIError.message (C:\\\\Users\\\\tilah\\\\onedrive\\\\desktop\\\\evangadi\\\\Phase-4-website projects\\\\AmazonFrontEnd-2025\\\\amazon-clone\\\\functions\\\\node_modules\\\\stripe\\\\cjs\\\\RequestSender.js:108:62)\\n    at process.processTicksAndRejections (node:internal/process/task_queues:105:5) {\\n  type: 'StripeInvalidRequestError',\\n  raw: {\\n    code: 'parameter_missing',\\n    doc_url: 'https://stripe.com/docs/error-codes/parameter-missing',\\n    message: 'Missing required param: amount.',\\n    param: 'amount',\\n    request_log_url: 'https://dashboard.stripe.com/test/logs/req_fd5FWhR3CHgO9N?t=1749246629',\\n    type: 'invalid_request_error',\\n    headers: {\\n      server: 'nginx',\\n      date: 'Fri, 06 Jun 2025 21:50:29 GMT',\\n      'content-type': 'application/json',\\n      'content-length': '332',\\n      connection: 'keep-alive',\\n      'access-control-allow-credentials': 'true',\\n      'access-control-allow-methods': 'GET, HEAD, PUT, PATCH, POST, DELETE',\\n      'access-control-allow-origin': '*',\\n      'access-control-expose-headers': 'Request-Id, Stripe-Manage-Version, Stripe-Should-Retry, X-Stripe-External-Auth-Required, X-Stripe-Privileged-Session-Required',\\n      'access-control-max-age': '300',\\n      'cache-control': 'no-cache, no-store',\\n      'content-security-policy': \\\"base-uri 'none'; default-src 'none'; form-action 'none'; frame-ancestors 'none'; img-src 'self'; script-src 'self' 'report-sample'; style-src 'self'; worker-src 'none'; upgrade-insecure-requests; report-uri https://q.stripe.com/csp-violation?q=Y-UbAMJsLNErehcLAninS7RMgNZtW1aWRsjoOENpCYu76sZV26nprXt-P8BtN16LvQ0RR2_0ZrXDDS72\\\",\\n      'idempotency-key': 'stripe-node-retry-0a5a93ba-f80e-4016-b066-c5809330bd42',\\n      'original-request': 'req_fd5FWhR3CHgO9N',\\n      'request-id': 'req_fd5FWhR3CHgO9N',\\n      'stripe-version': '2025-05-28.basil',\\n      vary: 'Origin',\\n      'x-stripe-priority-routing-enabled': 'true',\\n      'x-stripe-routing-context-priority-tier': 'api-testmode',\\n      'x-wc': 'ABGHI',\\n      'strict-transport-security': 'max-age=63072000; includeSubDomains; preload'\\n    },\\n    statusCode: 400,\\n    requestId: 'req_fd5FWhR3CHgO9N'\\n  },\\n  rawType: 'invalid_request_error',\\n  code: 'parameter_missing',\\n  doc_url: 'https://stripe.com/docs/error-codes/parameter-missing',\\n  param: 'amount',\\n  detail: undefined,\\n  headers: {\\n    server: 'nginx',\\n    date: 'Fri, 06 Jun 2025 21:50:29 GMT',\\n    'content-type': 'application/json',\\n    'content-length': '332',\\n    connection: 'keep-alive',\\n    'access-control-allow-credentials': 'true',\\n    'access-control-allow-methods': 'GET, HEAD, PUT, PATCH, POST, DELETE',\\n    'access-control-allow-origin': '*',\\n    'access-control-expose-headers': 'Request-Id, Stripe-Manage-Version, Stripe-Should-Retry, X-Stripe-External-Auth-Required, X-Stripe-Privileged-Session-Required',\\n    'access-control-max-age': '300',\\n    'cache-control': 'no-cache, no-store',\\n    'content-security-policy': \\\"base-uri 'none'; default-src 'none'; form-action 'none'; frame-ancestors 'none'; img-src 'self'; script-src 'self' 'report-sample'; style-src 'self'; worker-src 'none'; upgrade-insecure-requests; report-uri https://q.stripe.com/csp-violation?q=Y-UbAMJsLNErehcLAninS7RMgNZtW1aWRsjoOENpCYu76sZV26nprXt-P8BtN16LvQ0RR2_0ZrXDDS72\\\",\\n    'idempotency-key': 'stripe-node-retry-0a5a93ba-f80e-4016-b066-c5809330bd42',\\n    'original-request': 'req_fd5FWhR3CHgO9N',\\n    'request-id': 'req_fd5FWhR3CHgO9N',\\n    'stripe-version': '2025-05-28.basil',\\n    vary: 'Origin',\\n    'x-stripe-priority-routing-enabled': 'true',\\n    'x-stripe-routing-context-priority-tier': 'api-testmode',\\n    'x-wc': 'ABGHI',\\n    'strict-transport-security': 'max-age=63072000; includeSubDomains; preload'\\n  },\\n  requestId: 'req_fd5FWhR3CHgO9N',\\n  statusCode: 400,\\n  userMessage: undefined,\\n  charge: undefined,\\n  decline_code: undefined,\\n  payment_intent: undefined,\\n  payment_method: undefined,\\n  payment_method_type: undefined,\\n  setup_intent: undefined,\\n  source: undefined\\n}\"}"}}
[debug] [2025-06-06T21:50:29.905Z] Finishing up request with event=pause {"metadata":{"emulator":{"name":"functions"},"function":{"name":"us-central1-api"},"extension":{},"message":"Finishing up request with event=pause"}}
[info] i  functions: Finished "us-central1-api" in 424.4446ms {"metadata":{"emulator":{"name":"functions"},"function":{"name":"us-central1-api"},"extension":{},"message":"Finished \"us-central1-api\" in 424.4446ms"}}
[debug] [2025-06-06T21:50:29.906Z] [worker-us-central1-api-b9e5f51b-1fcb-42d4-843d-a10c3e6bdbcb]: IDLE {"metadata":{"emulator":{"name":"functions"},"function":{"name":"us-central1-api"},"extension":{},"message":"[worker-us-central1-api-b9e5f51b-1fcb-42d4-843d-a10c3e6bdbcb]: IDLE"}}
[debug] [2025-06-06T21:50:29.906Z] Finishing up request with event=finish {"metadata":{"emulator":{"name":"functions"},"function":{"name":"us-central1-api"},"extension":{},"message":"Finishing up request with event=finish"}}
[debug] [2025-06-06T21:50:29.907Z] Finishing up request with event=close {"metadata":{"emulator":{"name":"functions"},"function":{"name":"us-central1-api"},"extension":{},"message":"Finishing up request with event=close"}}
[debug] [2025-06-06T21:50:29.907Z] [work-queue] {"queuedWork":[],"queueLength":0,"runningWork":[],"workRunningCount":0}
[debug] [2025-06-06T22:01:20.447Z] [work-queue] {"queuedWork":["/clone-5d2cf/us-central1/api/payments/create-2025-06-06T22:01:20.443Z"],"queueLength":1,"runningWork":[],"workRunningCount":0}
[debug] [2025-06-06T22:01:20.455Z] [work-queue] {"queuedWork":[],"queueLength":0,"runningWork":["/clone-5d2cf/us-central1/api/payments/create-2025-06-06T22:01:20.443Z"],"workRunningCount":1}
[debug] [2025-06-06T22:01:20.456Z] Accepted request POST /clone-5d2cf/us-central1/api/payments/create?total=4460 --> us-central1-api
[debug] [2025-06-06T22:01:20.527Z] [functions] Runtime ready! Sending request! {"metadata":{"emulator":{"name":"functions"},"message":"[functions] Runtime ready! Sending request!"}}
[debug] [2025-06-06T22:01:20.529Z] [functions] Got req.url=/clone-5d2cf/us-central1/api/payments/create?total=4460, mapping to path=/payments/create?total=4460 {"metadata":{"emulator":{"name":"functions"},"message":"[functions] Got req.url=/clone-5d2cf/us-central1/api/payments/create?total=4460, mapping to path=/payments/create?total=4460"}}
[debug] [2025-06-06T22:01:20.530Z] [worker-pool] submitRequest(triggerId=us-central1-api) {"metadata":{"emulator":{"name":"functions"},"message":"[worker-pool] submitRequest(triggerId=us-central1-api)"}}
[info] i  functions: Beginning execution of "us-central1-api" {"metadata":{"emulator":{"name":"functions"},"function":{"name":"us-central1-api"},"extension":{},"message":"Beginning execution of \"us-central1-api\""}}
[debug] [2025-06-06T22:01:20.540Z] [worker-us-central1-api-b9e5f51b-1fcb-42d4-843d-a10c3e6bdbcb]: BUSY {"metadata":{"emulator":{"name":"functions"},"function":{"name":"us-central1-api"},"extension":{},"message":"[worker-us-central1-api-b9e5f51b-1fcb-42d4-843d-a10c3e6bdbcb]: BUSY"}}
[info] >  {"severity":"INFO","message":"ðŸ’° Payment request received for amount >>> $undefined"} {"user":{"severity":"INFO","message":"ðŸ’° Payment request received for amount >>> $undefined"},"metadata":{"emulator":{"name":"functions"},"function":{"name":"us-central1-api"},"extension":{},"message":"\u001b[90m> \u001b[39m {\"severity\":\"INFO\",\"message\":\"ðŸ’° Payment request received for amount >>> $undefined\"}"}}
[info] >  {"severity":"ERROR","message":"Stripe error: StripeInvalidRequestError: Missing required param: amount.\n    at generateV1Error (C:\\Users\\tilah\\onedrive\\desktop\\evangadi\\Phase-4-website projects\\AmazonFrontEnd-2025\\amazon-clone\\functions\\node_modules\\stripe\\cjs\\Error.js:11:20)\n    at res.toJSON.then.Error_js_1.StripeAPIError.message (C:\\Users\\tilah\\onedrive\\desktop\\evangadi\\Phase-4-website projects\\AmazonFrontEnd-2025\\amazon-clone\\functions\\node_modules\\stripe\\cjs\\RequestSender.js:108:62)\n    at process.processTicksAndRejections (node:internal/process/task_queues:105:5) {\n  type: 'StripeInvalidRequestError',\n  raw: {\n    code: 'parameter_missing',\n    doc_url: 'https://stripe.com/docs/error-codes/parameter-missing',\n    message: 'Missing required param: amount.',\n    param: 'amount',\n    request_log_url: 'https://dashboard.stripe.com/test/logs/req_wdxUY5BPvBYi9S?t=1749247280',\n    type: 'invalid_request_error',\n    headers: {\n      server: 'nginx',\n      date: 'Fri, 06 Jun 2025 22:01:20 GMT',\n      'content-type': 'application/json',\n      'content-length': '332',\n      connection: 'keep-alive',\n      'access-control-allow-credentials': 'true',\n      'access-control-allow-methods': 'GET, HEAD, PUT, PATCH, POST, DELETE',\n      'access-control-allow-origin': '*',\n      'access-control-expose-headers': 'Request-Id, Stripe-Manage-Version, Stripe-Should-Retry, X-Stripe-External-Auth-Required, X-Stripe-Privileged-Session-Required',\n      'access-control-max-age': '300',\n      'cache-control': 'no-cache, no-store',\n      'content-security-policy': \"base-uri 'none'; default-src 'none'; form-action 'none'; frame-ancestors 'none'; img-src 'self'; script-src 'self' 'report-sample'; style-src 'self'; worker-src 'none'; upgrade-insecure-requests; report-uri https://q.stripe.com/csp-violation?q=lodBrpcDcejZD36ScOSutmRzZcGA3FRaG7KOcQKn86wmVuh_NCkcACBfBT7z-oO_3gqBzQsA381TLzu_\",\n      'idempotency-key': 'stripe-node-retry-1650a69a-1450-4792-b9de-23b968dc5cb7',\n      'original-request': 'req_wdxUY5BPvBYi9S',\n      'request-id': 'req_wdxUY5BPvBYi9S',\n      'stripe-version': '2025-05-28.basil',\n      vary: 'Origin',\n      'x-stripe-priority-routing-enabled': 'true',\n      'x-stripe-routing-context-priority-tier': 'api-testmode',\n      'x-wc': 'ABGHI',\n      'strict-transport-security': 'max-age=63072000; includeSubDomains; preload'\n    },\n    statusCode: 400,\n    requestId: 'req_wdxUY5BPvBYi9S'\n  },\n  rawType: 'invalid_request_error',\n  code: 'parameter_missing',\n  doc_url: 'https://stripe.com/docs/error-codes/parameter-missing',\n  param: 'amount',\n  detail: undefined,\n  headers: {\n    server: 'nginx',\n    date: 'Fri, 06 Jun 2025 22:01:20 GMT',\n    'content-type': 'application/json',\n    'content-length': '332',\n    connection: 'keep-alive',\n    'access-control-allow-credentials': 'true',\n    'access-control-allow-methods': 'GET, HEAD, PUT, PATCH, POST, DELETE',\n    'access-control-allow-origin': '*',\n    'access-control-expose-headers': 'Request-Id, Stripe-Manage-Version, Stripe-Should-Retry, X-Stripe-External-Auth-Required, X-Stripe-Privileged-Session-Required',\n    'access-control-max-age': '300',\n    'cache-control': 'no-cache, no-store',\n    'content-security-policy': \"base-uri 'none'; default-src 'none'; form-action 'none'; frame-ancestors 'none'; img-src 'self'; script-src 'self' 'report-sample'; style-src 'self'; worker-src 'none'; upgrade-insecure-requests; report-uri https://q.stripe.com/csp-violation?q=lodBrpcDcejZD36ScOSutmRzZcGA3FRaG7KOcQKn86wmVuh_NCkcACBfBT7z-oO_3gqBzQsA381TLzu_\",\n    'idempotency-key': 'stripe-node-retry-1650a69a-1450-4792-b9de-23b968dc5cb7',\n    'original-request': 'req_wdxUY5BPvBYi9S',\n    'request-id': 'req_wdxUY5BPvBYi9S',\n    'stripe-version': '2025-05-28.basil',\n    vary: 'Origin',\n    'x-stripe-priority-routing-enabled': 'true',\n    'x-stripe-routing-context-priority-tier': 'api-testmode',\n    'x-wc': 'ABGHI',\n    'strict-transport-security': 'max-age=63072000; includeSubDomains; preload'\n  },\n  requestId: 'req_wdxUY5BPvBYi9S',\n  statusCode: 400,\n  userMessage: undefined,\n  charge: undefined,\n  decline_code: undefined,\n  payment_intent: undefined,\n  payment_method: undefined,\n  payment_method_type: undefined,\n  setup_intent: undefined,\n  source: undefined\n}"} {"user":{"severity":"ERROR","message":"Stripe error: StripeInvalidRequestError: Missing required param: amount.\n    at generateV1Error (C:\\Users\\tilah\\onedrive\\desktop\\evangadi\\Phase-4-website projects\\AmazonFrontEnd-2025\\amazon-clone\\functions\\node_modules\\stripe\\cjs\\Error.js:11:20)\n    at res.toJSON.then.Error_js_1.StripeAPIError.message (C:\\Users\\tilah\\onedrive\\desktop\\evangadi\\Phase-4-website projects\\AmazonFrontEnd-2025\\amazon-clone\\functions\\node_modules\\stripe\\cjs\\RequestSender.js:108:62)\n    at process.processTicksAndRejections (node:internal/process/task_queues:105:5) {\n  type: 'StripeInvalidRequestError',\n  raw: {\n    code: 'parameter_missing',\n    doc_url: 'https://stripe.com/docs/error-codes/parameter-missing',\n    message: 'Missing required param: amount.',\n    param: 'amount',\n    request_log_url: 'https://dashboard.stripe.com/test/logs/req_wdxUY5BPvBYi9S?t=1749247280',\n    type: 'invalid_request_error',\n    headers: {\n      server: 'nginx',\n      date: 'Fri, 06 Jun 2025 22:01:20 GMT',\n      'content-type': 'application/json',\n      'content-length': '332',\n      connection: 'keep-alive',\n      'access-control-allow-credentials': 'true',\n      'access-control-allow-methods': 'GET, HEAD, PUT, PATCH, POST, DELETE',\n      'access-control-allow-origin': '*',\n      'access-control-expose-headers': 'Request-Id, Stripe-Manage-Version, Stripe-Should-Retry, X-Stripe-External-Auth-Required, X-Stripe-Privileged-Session-Required',\n      'access-control-max-age': '300',\n      'cache-control': 'no-cache, no-store',\n      'content-security-policy': \"base-uri 'none'; default-src 'none'; form-action 'none'; frame-ancestors 'none'; img-src 'self'; script-src 'self' 'report-sample'; style-src 'self'; worker-src 'none'; upgrade-insecure-requests; report-uri https://q.stripe.com/csp-violation?q=lodBrpcDcejZD36ScOSutmRzZcGA3FRaG7KOcQKn86wmVuh_NCkcACBfBT7z-oO_3gqBzQsA381TLzu_\",\n      'idempotency-key': 'stripe-node-retry-1650a69a-1450-4792-b9de-23b968dc5cb7',\n      'original-request': 'req_wdxUY5BPvBYi9S',\n      'request-id': 'req_wdxUY5BPvBYi9S',\n      'stripe-version': '2025-05-28.basil',\n      vary: 'Origin',\n      'x-stripe-priority-routing-enabled': 'true',\n      'x-stripe-routing-context-priority-tier': 'api-testmode',\n      'x-wc': 'ABGHI',\n      'strict-transport-security': 'max-age=63072000; includeSubDomains; preload'\n    },\n    statusCode: 400,\n    requestId: 'req_wdxUY5BPvBYi9S'\n  },\n  rawType: 'invalid_request_error',\n  code: 'parameter_missing',\n  doc_url: 'https://stripe.com/docs/error-codes/parameter-missing',\n  param: 'amount',\n  detail: undefined,\n  headers: {\n    server: 'nginx',\n    date: 'Fri, 06 Jun 2025 22:01:20 GMT',\n    'content-type': 'application/json',\n    'content-length': '332',\n    connection: 'keep-alive',\n    'access-control-allow-credentials': 'true',\n    'access-control-allow-methods': 'GET, HEAD, PUT, PATCH, POST, DELETE',\n    'access-control-allow-origin': '*',\n    'access-control-expose-headers': 'Request-Id, Stripe-Manage-Version, Stripe-Should-Retry, X-Stripe-External-Auth-Required, X-Stripe-Privileged-Session-Required',\n    'access-control-max-age': '300',\n    'cache-control': 'no-cache, no-store',\n    'content-security-policy': \"base-uri 'none'; default-src 'none'; form-action 'none'; frame-ancestors 'none'; img-src 'self'; script-src 'self' 'report-sample'; style-src 'self'; worker-src 'none'; upgrade-insecure-requests; report-uri https://q.stripe.com/csp-violation?q=lodBrpcDcejZD36ScOSutmRzZcGA3FRaG7KOcQKn86wmVuh_NCkcACBfBT7z-oO_3gqBzQsA381TLzu_\",\n    'idempotency-key': 'stripe-node-retry-1650a69a-1450-4792-b9de-23b968dc5cb7',\n    'original-request': 'req_wdxUY5BPvBYi9S',\n    'request-id': 'req_wdxUY5BPvBYi9S',\n    'stripe-version': '2025-05-28.basil',\n    vary: 'Origin',\n    'x-stripe-priority-routing-enabled': 'true',\n    'x-stripe-routing-context-priority-tier': 'api-testmode',\n    'x-wc': 'ABGHI',\n    'strict-transport-security': 'max-age=63072000; includeSubDomains; preload'\n  },\n  requestId: 'req_wdxUY5BPvBYi9S',\n  statusCode: 400,\n  userMessage: undefined,\n  charge: undefined,\n  decline_code: undefined,\n  payment_intent: undefined,\n  payment_method: undefined,\n  payment_method_type: undefined,\n  setup_intent: undefined,\n  source: undefined\n}"},"metadata":{"emulator":{"name":"functions"},"function":{"name":"us-central1-api"},"extension":{},"message":"\u001b[90m> \u001b[39m {\"severity\":\"ERROR\",\"message\":\"Stripe error: StripeInvalidRequestError: Missing required param: amount.\\n    at generateV1Error (C:\\\\Users\\\\tilah\\\\onedrive\\\\desktop\\\\evangadi\\\\Phase-4-website projects\\\\AmazonFrontEnd-2025\\\\amazon-clone\\\\functions\\\\node_modules\\\\stripe\\\\cjs\\\\Error.js:11:20)\\n    at res.toJSON.then.Error_js_1.StripeAPIError.message (C:\\\\Users\\\\tilah\\\\onedrive\\\\desktop\\\\evangadi\\\\Phase-4-website projects\\\\AmazonFrontEnd-2025\\\\amazon-clone\\\\functions\\\\node_modules\\\\stripe\\\\cjs\\\\RequestSender.js:108:62)\\n    at process.processTicksAndRejections (node:internal/process/task_queues:105:5) {\\n  type: 'StripeInvalidRequestError',\\n  raw: {\\n    code: 'parameter_missing',\\n    doc_url: 'https://stripe.com/docs/error-codes/parameter-missing',\\n    message: 'Missing required param: amount.',\\n    param: 'amount',\\n    request_log_url: 'https://dashboard.stripe.com/test/logs/req_wdxUY5BPvBYi9S?t=1749247280',\\n    type: 'invalid_request_error',\\n    headers: {\\n      server: 'nginx',\\n      date: 'Fri, 06 Jun 2025 22:01:20 GMT',\\n      'content-type': 'application/json',\\n      'content-length': '332',\\n      connection: 'keep-alive',\\n      'access-control-allow-credentials': 'true',\\n      'access-control-allow-methods': 'GET, HEAD, PUT, PATCH, POST, DELETE',\\n      'access-control-allow-origin': '*',\\n      'access-control-expose-headers': 'Request-Id, Stripe-Manage-Version, Stripe-Should-Retry, X-Stripe-External-Auth-Required, X-Stripe-Privileged-Session-Required',\\n      'access-control-max-age': '300',\\n      'cache-control': 'no-cache, no-store',\\n      'content-security-policy': \\\"base-uri 'none'; default-src 'none'; form-action 'none'; frame-ancestors 'none'; img-src 'self'; script-src 'self' 'report-sample'; style-src 'self'; worker-src 'none'; upgrade-insecure-requests; report-uri https://q.stripe.com/csp-violation?q=lodBrpcDcejZD36ScOSutmRzZcGA3FRaG7KOcQKn86wmVuh_NCkcACBfBT7z-oO_3gqBzQsA381TLzu_\\\",\\n      'idempotency-key': 'stripe-node-retry-1650a69a-1450-4792-b9de-23b968dc5cb7',\\n      'original-request': 'req_wdxUY5BPvBYi9S',\\n      'request-id': 'req_wdxUY5BPvBYi9S',\\n      'stripe-version': '2025-05-28.basil',\\n      vary: 'Origin',\\n      'x-stripe-priority-routing-enabled': 'true',\\n      'x-stripe-routing-context-priority-tier': 'api-testmode',\\n      'x-wc': 'ABGHI',\\n      'strict-transport-security': 'max-age=63072000; includeSubDomains; preload'\\n    },\\n    statusCode: 400,\\n    requestId: 'req_wdxUY5BPvBYi9S'\\n  },\\n  rawType: 'invalid_request_error',\\n  code: 'parameter_missing',\\n  doc_url: 'https://stripe.com/docs/error-codes/parameter-missing',\\n  param: 'amount',\\n  detail: undefined,\\n  headers: {\\n    server: 'nginx',\\n    date: 'Fri, 06 Jun 2025 22:01:20 GMT',\\n    'content-type': 'application/json',\\n    'content-length': '332',\\n    connection: 'keep-alive',\\n    'access-control-allow-credentials': 'true',\\n    'access-control-allow-methods': 'GET, HEAD, PUT, PATCH, POST, DELETE',\\n    'access-control-allow-origin': '*',\\n    'access-control-expose-headers': 'Request-Id, Stripe-Manage-Version, Stripe-Should-Retry, X-Stripe-External-Auth-Required, X-Stripe-Privileged-Session-Required',\\n    'access-control-max-age': '300',\\n    'cache-control': 'no-cache, no-store',\\n    'content-security-policy': \\\"base-uri 'none'; default-src 'none'; form-action 'none'; frame-ancestors 'none'; img-src 'self'; script-src 'self' 'report-sample'; style-src 'self'; worker-src 'none'; upgrade-insecure-requests; report-uri https://q.stripe.com/csp-violation?q=lodBrpcDcejZD36ScOSutmRzZcGA3FRaG7KOcQKn86wmVuh_NCkcACBfBT7z-oO_3gqBzQsA381TLzu_\\\",\\n    'idempotency-key': 'stripe-node-retry-1650a69a-1450-4792-b9de-23b968dc5cb7',\\n    'original-request': 'req_wdxUY5BPvBYi9S',\\n    'request-id': 'req_wdxUY5BPvBYi9S',\\n    'stripe-version': '2025-05-28.basil',\\n    vary: 'Origin',\\n    'x-stripe-priority-routing-enabled': 'true',\\n    'x-stripe-routing-context-priority-tier': 'api-testmode',\\n    'x-wc': 'ABGHI',\\n    'strict-transport-security': 'max-age=63072000; includeSubDomains; preload'\\n  },\\n  requestId: 'req_wdxUY5BPvBYi9S',\\n  statusCode: 400,\\n  userMessage: undefined,\\n  charge: undefined,\\n  decline_code: undefined,\\n  payment_intent: undefined,\\n  payment_method: undefined,\\n  payment_method_type: undefined,\\n  setup_intent: undefined,\\n  source: undefined\\n}\"}"}}
[debug] [2025-06-06T22:01:20.910Z] Finishing up request with event=pause {"metadata":{"emulator":{"name":"functions"},"function":{"name":"us-central1-api"},"extension":{},"message":"Finishing up request with event=pause"}}
[info] i  functions: Finished "us-central1-api" in 370.0992ms {"metadata":{"emulator":{"name":"functions"},"function":{"name":"us-central1-api"},"extension":{},"message":"Finished \"us-central1-api\" in 370.0992ms"}}
[debug] [2025-06-06T22:01:20.911Z] [worker-us-central1-api-b9e5f51b-1fcb-42d4-843d-a10c3e6bdbcb]: IDLE {"metadata":{"emulator":{"name":"functions"},"function":{"name":"us-central1-api"},"extension":{},"message":"[worker-us-central1-api-b9e5f51b-1fcb-42d4-843d-a10c3e6bdbcb]: IDLE"}}
[debug] [2025-06-06T22:01:20.912Z] Finishing up request with event=finish {"metadata":{"emulator":{"name":"functions"},"function":{"name":"us-central1-api"},"extension":{},"message":"Finishing up request with event=finish"}}
[debug] [2025-06-06T22:01:20.912Z] Finishing up request with event=close {"metadata":{"emulator":{"name":"functions"},"function":{"name":"us-central1-api"},"extension":{},"message":"Finishing up request with event=close"}}
[debug] [2025-06-06T22:01:20.912Z] [work-queue] {"queuedWork":[],"queueLength":0,"runningWork":[],"workRunningCount":0}
[debug] [2025-06-06T22:01:25.982Z] [work-queue] {"queuedWork":["/clone-5d2cf/us-central1/api/payments/create-2025-06-06T22:01:25.982Z"],"queueLength":1,"runningWork":[],"workRunningCount":0}
[debug] [2025-06-06T22:01:25.983Z] [work-queue] {"queuedWork":[],"queueLength":0,"runningWork":["/clone-5d2cf/us-central1/api/payments/create-2025-06-06T22:01:25.982Z"],"workRunningCount":1}
[debug] [2025-06-06T22:01:25.983Z] Accepted request POST /clone-5d2cf/us-central1/api/payments/create?total=4460 --> us-central1-api
[debug] [2025-06-06T22:01:25.992Z] [functions] Runtime ready! Sending request! {"metadata":{"emulator":{"name":"functions"},"message":"[functions] Runtime ready! Sending request!"}}
[debug] [2025-06-06T22:01:25.992Z] [functions] Got req.url=/clone-5d2cf/us-central1/api/payments/create?total=4460, mapping to path=/payments/create?total=4460 {"metadata":{"emulator":{"name":"functions"},"message":"[functions] Got req.url=/clone-5d2cf/us-central1/api/payments/create?total=4460, mapping to path=/payments/create?total=4460"}}
[debug] [2025-06-06T22:01:25.992Z] [worker-pool] submitRequest(triggerId=us-central1-api) {"metadata":{"emulator":{"name":"functions"},"message":"[worker-pool] submitRequest(triggerId=us-central1-api)"}}
[info] i  functions: Beginning execution of "us-central1-api" {"metadata":{"emulator":{"name":"functions"},"function":{"name":"us-central1-api"},"extension":{},"message":"Beginning execution of \"us-central1-api\""}}
[debug] [2025-06-06T22:01:25.993Z] [worker-us-central1-api-b9e5f51b-1fcb-42d4-843d-a10c3e6bdbcb]: BUSY {"metadata":{"emulator":{"name":"functions"},"function":{"name":"us-central1-api"},"extension":{},"message":"[worker-us-central1-api-b9e5f51b-1fcb-42d4-843d-a10c3e6bdbcb]: BUSY"}}
[info] >  {"severity":"INFO","message":"ðŸ’° Payment request received for amount >>> $undefined"} {"user":{"severity":"INFO","message":"ðŸ’° Payment request received for amount >>> $undefined"},"metadata":{"emulator":{"name":"functions"},"function":{"name":"us-central1-api"},"extension":{},"message":"\u001b[90m> \u001b[39m {\"severity\":\"INFO\",\"message\":\"ðŸ’° Payment request received for amount >>> $undefined\"}"}}
[info] >  {"severity":"ERROR","message":"Stripe error: StripeInvalidRequestError: Missing required param: amount.\n    at generateV1Error (C:\\Users\\tilah\\onedrive\\desktop\\evangadi\\Phase-4-website projects\\AmazonFrontEnd-2025\\amazon-clone\\functions\\node_modules\\stripe\\cjs\\Error.js:11:20)\n    at res.toJSON.then.Error_js_1.StripeAPIError.message (C:\\Users\\tilah\\onedrive\\desktop\\evangadi\\Phase-4-website projects\\AmazonFrontEnd-2025\\amazon-clone\\functions\\node_modules\\stripe\\cjs\\RequestSender.js:108:62)\n    at process.processTicksAndRejections (node:internal/process/task_queues:105:5) {\n  type: 'StripeInvalidRequestError',\n  raw: {\n    code: 'parameter_missing',\n    doc_url: 'https://stripe.com/docs/error-codes/parameter-missing',\n    message: 'Missing required param: amount.',\n    param: 'amount',\n    request_log_url: 'https://dashboard.stripe.com/test/logs/req_lJ0LQgygxb3tCt?t=1749247285',\n    type: 'invalid_request_error',\n    headers: {\n      server: 'nginx',\n      date: 'Fri, 06 Jun 2025 22:01:25 GMT',\n      'content-type': 'application/json',\n      'content-length': '332',\n      connection: 'keep-alive',\n      'access-control-allow-credentials': 'true',\n      'access-control-allow-methods': 'GET, HEAD, PUT, PATCH, POST, DELETE',\n      'access-control-allow-origin': '*',\n      'access-control-expose-headers': 'Request-Id, Stripe-Manage-Version, Stripe-Should-Retry, X-Stripe-External-Auth-Required, X-Stripe-Privileged-Session-Required',\n      'access-control-max-age': '300',\n      'cache-control': 'no-cache, no-store',\n      'content-security-policy': \"base-uri 'none'; default-src 'none'; form-action 'none'; frame-ancestors 'none'; img-src 'self'; script-src 'self' 'report-sample'; style-src 'self'; worker-src 'none'; upgrade-insecure-requests; report-uri https://q.stripe.com/csp-violation?q=lodBrpcDcejZD36ScOSutmRzZcGA3FRaG7KOcQKn86wmVuh_NCkcACBfBT7z-oO_3gqBzQsA381TLzu_\",\n      'idempotency-key': 'stripe-node-retry-acc7f70f-a2dc-4201-961b-ff85edb6691d',\n      'original-request': 'req_lJ0LQgygxb3tCt',\n      'request-id': 'req_lJ0LQgygxb3tCt',\n      'stripe-version': '2025-05-28.basil',\n      vary: 'Origin',\n      'x-stripe-priority-routing-enabled': 'true',\n      'x-stripe-routing-context-priority-tier': 'api-testmode',\n      'x-wc': 'ABGHI',\n      'strict-transport-security': 'max-age=63072000; includeSubDomains; preload'\n    },\n    statusCode: 400,\n    requestId: 'req_lJ0LQgygxb3tCt'\n  },\n  rawType: 'invalid_request_error',\n  code: 'parameter_missing',\n  doc_url: 'https://stripe.com/docs/error-codes/parameter-missing',\n  param: 'amount',\n  detail: undefined,\n  headers: {\n    server: 'nginx',\n    date: 'Fri, 06 Jun 2025 22:01:25 GMT',\n    'content-type': 'application/json',\n    'content-length': '332',\n    connection: 'keep-alive',\n    'access-control-allow-credentials': 'true',\n    'access-control-allow-methods': 'GET, HEAD, PUT, PATCH, POST, DELETE',\n    'access-control-allow-origin': '*',\n    'access-control-expose-headers': 'Request-Id, Stripe-Manage-Version, Stripe-Should-Retry, X-Stripe-External-Auth-Required, X-Stripe-Privileged-Session-Required',\n    'access-control-max-age': '300',\n    'cache-control': 'no-cache, no-store',\n    'content-security-policy': \"base-uri 'none'; default-src 'none'; form-action 'none'; frame-ancestors 'none'; img-src 'self'; script-src 'self' 'report-sample'; style-src 'self'; worker-src 'none'; upgrade-insecure-requests; report-uri https://q.stripe.com/csp-violation?q=lodBrpcDcejZD36ScOSutmRzZcGA3FRaG7KOcQKn86wmVuh_NCkcACBfBT7z-oO_3gqBzQsA381TLzu_\",\n    'idempotency-key': 'stripe-node-retry-acc7f70f-a2dc-4201-961b-ff85edb6691d',\n    'original-request': 'req_lJ0LQgygxb3tCt',\n    'request-id': 'req_lJ0LQgygxb3tCt',\n    'stripe-version': '2025-05-28.basil',\n    vary: 'Origin',\n    'x-stripe-priority-routing-enabled': 'true',\n    'x-stripe-routing-context-priority-tier': 'api-testmode',\n    'x-wc': 'ABGHI',\n    'strict-transport-security': 'max-age=63072000; includeSubDomains; preload'\n  },\n  requestId: 'req_lJ0LQgygxb3tCt',\n  statusCode: 400,\n  userMessage: undefined,\n  charge: undefined,\n  decline_code: undefined,\n  payment_intent: undefined,\n  payment_method: undefined,\n  payment_method_type: undefined,\n  setup_intent: undefined,\n  source: undefined\n}"} {"user":{"severity":"ERROR","message":"Stripe error: StripeInvalidRequestError: Missing required param: amount.\n    at generateV1Error (C:\\Users\\tilah\\onedrive\\desktop\\evangadi\\Phase-4-website projects\\AmazonFrontEnd-2025\\amazon-clone\\functions\\node_modules\\stripe\\cjs\\Error.js:11:20)\n    at res.toJSON.then.Error_js_1.StripeAPIError.message (C:\\Users\\tilah\\onedrive\\desktop\\evangadi\\Phase-4-website projects\\AmazonFrontEnd-2025\\amazon-clone\\functions\\node_modules\\stripe\\cjs\\RequestSender.js:108:62)\n    at process.processTicksAndRejections (node:internal/process/task_queues:105:5) {\n  type: 'StripeInvalidRequestError',\n  raw: {\n    code: 'parameter_missing',\n    doc_url: 'https://stripe.com/docs/error-codes/parameter-missing',\n    message: 'Missing required param: amount.',\n    param: 'amount',\n    request_log_url: 'https://dashboard.stripe.com/test/logs/req_lJ0LQgygxb3tCt?t=1749247285',\n    type: 'invalid_request_error',\n    headers: {\n      server: 'nginx',\n      date: 'Fri, 06 Jun 2025 22:01:25 GMT',\n      'content-type': 'application/json',\n      'content-length': '332',\n      connection: 'keep-alive',\n      'access-control-allow-credentials': 'true',\n      'access-control-allow-methods': 'GET, HEAD, PUT, PATCH, POST, DELETE',\n      'access-control-allow-origin': '*',\n      'access-control-expose-headers': 'Request-Id, Stripe-Manage-Version, Stripe-Should-Retry, X-Stripe-External-Auth-Required, X-Stripe-Privileged-Session-Required',\n      'access-control-max-age': '300',\n      'cache-control': 'no-cache, no-store',\n      'content-security-policy': \"base-uri 'none'; default-src 'none'; form-action 'none'; frame-ancestors 'none'; img-src 'self'; script-src 'self' 'report-sample'; style-src 'self'; worker-src 'none'; upgrade-insecure-requests; report-uri https://q.stripe.com/csp-violation?q=lodBrpcDcejZD36ScOSutmRzZcGA3FRaG7KOcQKn86wmVuh_NCkcACBfBT7z-oO_3gqBzQsA381TLzu_\",\n      'idempotency-key': 'stripe-node-retry-acc7f70f-a2dc-4201-961b-ff85edb6691d',\n      'original-request': 'req_lJ0LQgygxb3tCt',\n      'request-id': 'req_lJ0LQgygxb3tCt',\n      'stripe-version': '2025-05-28.basil',\n      vary: 'Origin',\n      'x-stripe-priority-routing-enabled': 'true',\n      'x-stripe-routing-context-priority-tier': 'api-testmode',\n      'x-wc': 'ABGHI',\n      'strict-transport-security': 'max-age=63072000; includeSubDomains; preload'\n    },\n    statusCode: 400,\n    requestId: 'req_lJ0LQgygxb3tCt'\n  },\n  rawType: 'invalid_request_error',\n  code: 'parameter_missing',\n  doc_url: 'https://stripe.com/docs/error-codes/parameter-missing',\n  param: 'amount',\n  detail: undefined,\n  headers: {\n    server: 'nginx',\n    date: 'Fri, 06 Jun 2025 22:01:25 GMT',\n    'content-type': 'application/json',\n    'content-length': '332',\n    connection: 'keep-alive',\n    'access-control-allow-credentials': 'true',\n    'access-control-allow-methods': 'GET, HEAD, PUT, PATCH, POST, DELETE',\n    'access-control-allow-origin': '*',\n    'access-control-expose-headers': 'Request-Id, Stripe-Manage-Version, Stripe-Should-Retry, X-Stripe-External-Auth-Required, X-Stripe-Privileged-Session-Required',\n    'access-control-max-age': '300',\n    'cache-control': 'no-cache, no-store',\n    'content-security-policy': \"base-uri 'none'; default-src 'none'; form-action 'none'; frame-ancestors 'none'; img-src 'self'; script-src 'self' 'report-sample'; style-src 'self'; worker-src 'none'; upgrade-insecure-requests; report-uri https://q.stripe.com/csp-violation?q=lodBrpcDcejZD36ScOSutmRzZcGA3FRaG7KOcQKn86wmVuh_NCkcACBfBT7z-oO_3gqBzQsA381TLzu_\",\n    'idempotency-key': 'stripe-node-retry-acc7f70f-a2dc-4201-961b-ff85edb6691d',\n    'original-request': 'req_lJ0LQgygxb3tCt',\n    'request-id': 'req_lJ0LQgygxb3tCt',\n    'stripe-version': '2025-05-28.basil',\n    vary: 'Origin',\n    'x-stripe-priority-routing-enabled': 'true',\n    'x-stripe-routing-context-priority-tier': 'api-testmode',\n    'x-wc': 'ABGHI',\n    'strict-transport-security': 'max-age=63072000; includeSubDomains; preload'\n  },\n  requestId: 'req_lJ0LQgygxb3tCt',\n  statusCode: 400,\n  userMessage: undefined,\n  charge: undefined,\n  decline_code: undefined,\n  payment_intent: undefined,\n  payment_method: undefined,\n  payment_method_type: undefined,\n  setup_intent: undefined,\n  source: undefined\n}"},"metadata":{"emulator":{"name":"functions"},"function":{"name":"us-central1-api"},"extension":{},"message":"\u001b[90m> \u001b[39m {\"severity\":\"ERROR\",\"message\":\"Stripe error: StripeInvalidRequestError: Missing required param: amount.\\n    at generateV1Error (C:\\\\Users\\\\tilah\\\\onedrive\\\\desktop\\\\evangadi\\\\Phase-4-website projects\\\\AmazonFrontEnd-2025\\\\amazon-clone\\\\functions\\\\node_modules\\\\stripe\\\\cjs\\\\Error.js:11:20)\\n    at res.toJSON.then.Error_js_1.StripeAPIError.message (C:\\\\Users\\\\tilah\\\\onedrive\\\\desktop\\\\evangadi\\\\Phase-4-website projects\\\\AmazonFrontEnd-2025\\\\amazon-clone\\\\functions\\\\node_modules\\\\stripe\\\\cjs\\\\RequestSender.js:108:62)\\n    at process.processTicksAndRejections (node:internal/process/task_queues:105:5) {\\n  type: 'StripeInvalidRequestError',\\n  raw: {\\n    code: 'parameter_missing',\\n    doc_url: 'https://stripe.com/docs/error-codes/parameter-missing',\\n    message: 'Missing required param: amount.',\\n    param: 'amount',\\n    request_log_url: 'https://dashboard.stripe.com/test/logs/req_lJ0LQgygxb3tCt?t=1749247285',\\n    type: 'invalid_request_error',\\n    headers: {\\n      server: 'nginx',\\n      date: 'Fri, 06 Jun 2025 22:01:25 GMT',\\n      'content-type': 'application/json',\\n      'content-length': '332',\\n      connection: 'keep-alive',\\n      'access-control-allow-credentials': 'true',\\n      'access-control-allow-methods': 'GET, HEAD, PUT, PATCH, POST, DELETE',\\n      'access-control-allow-origin': '*',\\n      'access-control-expose-headers': 'Request-Id, Stripe-Manage-Version, Stripe-Should-Retry, X-Stripe-External-Auth-Required, X-Stripe-Privileged-Session-Required',\\n      'access-control-max-age': '300',\\n      'cache-control': 'no-cache, no-store',\\n      'content-security-policy': \\\"base-uri 'none'; default-src 'none'; form-action 'none'; frame-ancestors 'none'; img-src 'self'; script-src 'self' 'report-sample'; style-src 'self'; worker-src 'none'; upgrade-insecure-requests; report-uri https://q.stripe.com/csp-violation?q=lodBrpcDcejZD36ScOSutmRzZcGA3FRaG7KOcQKn86wmVuh_NCkcACBfBT7z-oO_3gqBzQsA381TLzu_\\\",\\n      'idempotency-key': 'stripe-node-retry-acc7f70f-a2dc-4201-961b-ff85edb6691d',\\n      'original-request': 'req_lJ0LQgygxb3tCt',\\n      'request-id': 'req_lJ0LQgygxb3tCt',\\n      'stripe-version': '2025-05-28.basil',\\n      vary: 'Origin',\\n      'x-stripe-priority-routing-enabled': 'true',\\n      'x-stripe-routing-context-priority-tier': 'api-testmode',\\n      'x-wc': 'ABGHI',\\n      'strict-transport-security': 'max-age=63072000; includeSubDomains; preload'\\n    },\\n    statusCode: 400,\\n    requestId: 'req_lJ0LQgygxb3tCt'\\n  },\\n  rawType: 'invalid_request_error',\\n  code: 'parameter_missing',\\n  doc_url: 'https://stripe.com/docs/error-codes/parameter-missing',\\n  param: 'amount',\\n  detail: undefined,\\n  headers: {\\n    server: 'nginx',\\n    date: 'Fri, 06 Jun 2025 22:01:25 GMT',\\n    'content-type': 'application/json',\\n    'content-length': '332',\\n    connection: 'keep-alive',\\n    'access-control-allow-credentials': 'true',\\n    'access-control-allow-methods': 'GET, HEAD, PUT, PATCH, POST, DELETE',\\n    'access-control-allow-origin': '*',\\n    'access-control-expose-headers': 'Request-Id, Stripe-Manage-Version, Stripe-Should-Retry, X-Stripe-External-Auth-Required, X-Stripe-Privileged-Session-Required',\\n    'access-control-max-age': '300',\\n    'cache-control': 'no-cache, no-store',\\n    'content-security-policy': \\\"base-uri 'none'; default-src 'none'; form-action 'none'; frame-ancestors 'none'; img-src 'self'; script-src 'self' 'report-sample'; style-src 'self'; worker-src 'none'; upgrade-insecure-requests; report-uri https://q.stripe.com/csp-violation?q=lodBrpcDcejZD36ScOSutmRzZcGA3FRaG7KOcQKn86wmVuh_NCkcACBfBT7z-oO_3gqBzQsA381TLzu_\\\",\\n    'idempotency-key': 'stripe-node-retry-acc7f70f-a2dc-4201-961b-ff85edb6691d',\\n    'original-request': 'req_lJ0LQgygxb3tCt',\\n    'request-id': 'req_lJ0LQgygxb3tCt',\\n    'stripe-version': '2025-05-28.basil',\\n    vary: 'Origin',\\n    'x-stripe-priority-routing-enabled': 'true',\\n    'x-stripe-routing-context-priority-tier': 'api-testmode',\\n    'x-wc': 'ABGHI',\\n    'strict-transport-security': 'max-age=63072000; includeSubDomains; preload'\\n  },\\n  requestId: 'req_lJ0LQgygxb3tCt',\\n  statusCode: 400,\\n  userMessage: undefined,\\n  charge: undefined,\\n  decline_code: undefined,\\n  payment_intent: undefined,\\n  payment_method: undefined,\\n  payment_method_type: undefined,\\n  setup_intent: undefined,\\n  source: undefined\\n}\"}"}}
[debug] [2025-06-06T22:01:26.153Z] Finishing up request with event=pause {"metadata":{"emulator":{"name":"functions"},"function":{"name":"us-central1-api"},"extension":{},"message":"Finishing up request with event=pause"}}
[info] i  functions: Finished "us-central1-api" in 159.9134ms {"metadata":{"emulator":{"name":"functions"},"function":{"name":"us-central1-api"},"extension":{},"message":"Finished \"us-central1-api\" in 159.9134ms"}}
[debug] [2025-06-06T22:01:26.154Z] [worker-us-central1-api-b9e5f51b-1fcb-42d4-843d-a10c3e6bdbcb]: IDLE {"metadata":{"emulator":{"name":"functions"},"function":{"name":"us-central1-api"},"extension":{},"message":"[worker-us-central1-api-b9e5f51b-1fcb-42d4-843d-a10c3e6bdbcb]: IDLE"}}
[debug] [2025-06-06T22:01:26.155Z] Finishing up request with event=finish {"metadata":{"emulator":{"name":"functions"},"function":{"name":"us-central1-api"},"extension":{},"message":"Finishing up request with event=finish"}}
[debug] [2025-06-06T22:01:26.155Z] Finishing up request with event=close {"metadata":{"emulator":{"name":"functions"},"function":{"name":"us-central1-api"},"extension":{},"message":"Finishing up request with event=close"}}
[debug] [2025-06-06T22:01:26.155Z] [work-queue] {"queuedWork":[],"queueLength":0,"runningWork":[],"workRunningCount":0}
